<?xml version="1.0" encoding="UTF-8"?>
<testng-results ignored="0" total="1" passed="1" failed="0" skipped="0">
  <reporter-output>
  </reporter-output>
  <suite started-at="2026-05-29T10:28:44 IST" name="Suite" finished-at="2026-05-29T10:29:11 IST" duration-ms="27585">
    <groups>
    </groups>
    <test started-at="2026-05-29T10:28:44 IST" name="Test" finished-at="2026-05-29T10:29:11 IST" duration-ms="27585">
      <class name="Testclasses.PurchaseTest">
        <test-method is-config="true" signature="setup()[pri:0, instance:Testclasses.PurchaseTest@5c530d1e]" started-at="2026-05-29T10:28:44 IST" name="setup" finished-at="2026-05-29T10:29:05 IST" duration-ms="20937" status="PASS">
          <reporter-output>
          </reporter-output>
        </test-method> <!-- setup -->
        <test-method signature="buyProductTest()[pri:0, instance:Testclasses.PurchaseTest@5c530d1e]" started-at="2026-05-29T10:29:05 IST" name="buyProductTest" finished-at="2026-05-29T10:29:09 IST" duration-ms="4638" status="PASS">
          <reporter-output>
          </reporter-output>
        </test-method> <!-- buyProductTest -->
        <test-method is-config="true" signature="afterMethod(org.testng.ITestResult)[pri:0, instance:Testclasses.PurchaseTest@5c530d1e]" started-at="2026-05-29T10:29:09 IST" name="afterMethod" finished-at="2026-05-29T10:29:09 IST" duration-ms="12" status="PASS">
          <params>
            <param index="0">
              <value>
                <![CDATA[[TestResult name=buyProductTest status=SUCCESS method=PurchaseTest.buyProductTest()[pri:0, instance:Testclasses.PurchaseTest@5c530d1e] output={null}]]]>
              </value>
            </param>
          </params>
          <reporter-output>
          </reporter-output>
        </test-method> <!-- afterMethod -->
        <test-method is-config="true" signature="teardown()[pri:0, instance:Testclasses.PurchaseTest@5c530d1e]" started-at="2026-05-29T10:29:09 IST" name="teardown" finished-at="2026-05-29T10:29:11 IST" duration-ms="1858" status="PASS">
          <reporter-output>
          </reporter-output>
        </test-method> <!-- teardown -->
      </class> <!-- Testclasses.PurchaseTest -->
    </test> <!-- Test -->
  </suite> <!-- Suite -->
</testng-results>
