<?xml version="1.0" encoding="UTF-8"?>
<testng-results ignored="0" total="1" passed="1" failed="0" skipped="0">
  <reporter-output>
  </reporter-output>
  <suite started-at="2026-05-21T15:56:29 IST" name="Default suite" finished-at="2026-05-21T15:57:03 IST" duration-ms="34078">
    <groups>
    </groups>
    <test started-at="2026-05-21T15:56:29 IST" name="Default test" finished-at="2026-05-21T15:57:03 IST" duration-ms="34078">
      <class name="Testclasses.PurchaseTest">
        <test-method is-config="true" signature="setup()[pri:0, instance:Testclasses.PurchaseTest@dfddc9a]" started-at="2026-05-21T15:56:29 IST" name="setup" finished-at="2026-05-21T15:56:49 IST" duration-ms="20197" status="PASS">
          <reporter-output>
          </reporter-output>
        </test-method> <!-- setup -->
        <test-method signature="buyProductTest()[pri:0, instance:Testclasses.PurchaseTest@dfddc9a]" started-at="2026-05-21T15:56:49 IST" name="buyProductTest" finished-at="2026-05-21T15:56:54 IST" duration-ms="5276" status="PASS">
          <reporter-output>
          </reporter-output>
        </test-method> <!-- buyProductTest -->
        <test-method is-config="true" signature="tearDownMethod(org.testng.ITestResult)[pri:0, instance:Testclasses.PurchaseTest@dfddc9a]" started-at="2026-05-21T15:56:54 IST" name="tearDownMethod" finished-at="2026-05-21T15:56:54 IST" duration-ms="7" status="PASS">
          <params>
            <param index="0">
              <value>
                <![CDATA[[TestResult name=buyProductTest status=SUCCESS method=PurchaseTest.buyProductTest()[pri:0, instance:Testclasses.PurchaseTest@dfddc9a] output={null}]]]>
              </value>
            </param>
          </params>
          <reporter-output>
          </reporter-output>
        </test-method> <!-- tearDownMethod -->
        <test-method is-config="true" signature="tearDown()[pri:0, instance:Testclasses.PurchaseTest@dfddc9a]" started-at="2026-05-21T15:56:54 IST" name="tearDown" finished-at="2026-05-21T15:57:03 IST" duration-ms="8451" status="PASS">
          <reporter-output>
          </reporter-output>
        </test-method> <!-- tearDown -->
      </class> <!-- Testclasses.PurchaseTest -->
    </test> <!-- Default test -->
  </suite> <!-- Default suite -->
</testng-results>
